Performing C SOURCE FILE Test CMAKE_HAVE_LIBC_PTHREAD failed with the following output:
Change Dir: /home/lyhhhhh/CLionProjects/algorithm_1/cmake-build-debug/CMakeFiles/CMakeTmp

Run Build Command(s):/usr/bin/make cmTC_66112/fast && /usr/bin/make -f CMakeFiles/cmTC_66112.dir/build.make CMakeFiles/cmTC_66112.dir/build
make[1]: 进入目录“/home/lyhhhhh/CLionProjects/algorithm_1/cmake-build-debug/CMakeFiles/CMakeTmp”
Building C object CMakeFiles/cmTC_66112.dir/src.c.o
/usr/bin/cc   -DCMAKE_HAVE_LIBC_PTHREAD   -std=gnu99 -o CMakeFiles/cmTC_66112.dir/src.c.o   -c /home/lyhhhhh/CLionProjects/algorithm_1/cmake-build-debug/CMakeFiles/CMakeTmp/src.c
Linking C executable cmTC_66112
/usr/local/cmake-3.16.0-rc1/bin/cmake -E cmake_link_script CMakeFiles/cmTC_66112.dir/link.txt --verbose=1
/usr/bin/cc  -DCMAKE_HAVE_LIBC_PTHREAD    CMakeFiles/cmTC_66112.dir/src.c.o  -o cmTC_66112 
/usr/bin/ld: CMakeFiles/cmTC_66112.dir/src.c.o: in function `main':
src.c:(.text+0x3e): undefined reference to `pthread_create'
/usr/bin/ld: src.c:(.text+0x4a): undefined reference to `pthread_detach'
/usr/bin/ld: src.c:(.text+0x5b): undefined reference to `pthread_join'
collect2: 错误：ld 返回 1
make[1]: *** [CMakeFiles/cmTC_66112.dir/build.make:87：cmTC_66112] 错误 1
make[1]: 离开目录“/home/lyhhhhh/CLionProjects/algorithm_1/cmake-build-debug/CMakeFiles/CMakeTmp”
make: *** [Makefile:121：cmTC_66112/fast] 错误 2


Source file was:
#include <pthread.h>

void* test_func(void* data)
{
  return data;
}

int main(void)
{
  pthread_t thread;
  pthread_create(&thread, NULL, test_func, NULL);
  pthread_detach(thread);
  pthread_join(thread, NULL);
  pthread_atfork(NULL, NULL, NULL);
  pthread_exit(NULL);

  return 0;
}

Determining if the function pthread_create exists in the pthreads failed with the following output:
Change Dir: /home/lyhhhhh/CLionProjects/algorithm_1/cmake-build-debug/CMakeFiles/CMakeTmp

Run Build Command(s):/usr/bin/make cmTC_fd068/fast && /usr/bin/make -f CMakeFiles/cmTC_fd068.dir/build.make CMakeFiles/cmTC_fd068.dir/build
make[1]: 进入目录“/home/lyhhhhh/CLionProjects/algorithm_1/cmake-build-debug/CMakeFiles/CMakeTmp”
Building C object CMakeFiles/cmTC_fd068.dir/CheckFunctionExists.c.o
/usr/bin/cc   -DCHECK_FUNCTION_EXISTS=pthread_create   -std=gnu99 -o CMakeFiles/cmTC_fd068.dir/CheckFunctionExists.c.o   -c /usr/local/cmake-3.16.0-rc1/Modules/CheckFunctionExists.c
Linking C executable cmTC_fd068
/usr/local/cmake-3.16.0-rc1/bin/cmake -E cmake_link_script CMakeFiles/cmTC_fd068.dir/link.txt --verbose=1
/usr/bin/cc  -DCHECK_FUNCTION_EXISTS=pthread_create    CMakeFiles/cmTC_fd068.dir/CheckFunctionExists.c.o  -o cmTC_fd068  -lpthreads 
/usr/bin/ld: 找不到 -lpthreads
collect2: 错误：ld 返回 1
make[1]: *** [CMakeFiles/cmTC_fd068.dir/build.make:87：cmTC_fd068] 错误 1
make[1]: 离开目录“/home/lyhhhhh/CLionProjects/algorithm_1/cmake-build-debug/CMakeFiles/CMakeTmp”
make: *** [Makefile:121：cmTC_fd068/fast] 错误 2



